2025-07-15 19:47:58.832 [main] INFO  com.rs.mv.mvvs.Startup - [LSP:100101]ROCKET MV BASIC EXTENSION to start
2025-07-15 19:47:58.899 [main] INFO  com.rs.mv.mvvs.lsp.server.BasicLanguageServerLauncher - [LSP:100102]start pip server
2025-07-15 19:47:59.123 [main] INFO  com.rs.mv.mvvs.lsp.server.BasicLanguageServerLauncher - [LSP:100103]ROCKET MV BASIC EXTENSION start successful
2025-07-15 19:47:59.281 [pool-3-thread-1] INFO  com.rs.mv.mvvs.instance.workspace.WorkspaceManager - [workspace:200101]load all workspace folders start
2025-07-15 19:47:59.282 [pool-3-thread-1] INFO  com.rs.mv.mvvs.instance.workspace.WorkspaceManager - [workspace:20010201]root uri: file:///c%3A/Users/garim/OneDrive/Desktop/vibhu_class_coding/vibhu
2025-07-15 19:47:59.285 [pool-3-thread-1] INFO  com.rs.mv.mvvs.instance.workspace.handler.FolderHandler - [workspace:200103]workspace contains workspace folder: file:///c%3A/Users/garim/OneDrive/Desktop/vibhu_class_coding/vibhu
2025-07-15 19:47:59.321 [pool-3-thread-1] INFO  com.rs.mv.mvvs.instance.workspace.handler.FolderHandler - [workspace:200104]workspace folder will be cached: file:///c%3A/Users/garim/OneDrive/Desktop/vibhu_class_coding/vibhu
2025-07-15 19:47:59.324 [pool-3-thread-1] INFO  com.rs.mv.mvvs.rmv.config.Config - [framework:30010101]config load start
2025-07-15 19:47:59.324 [pool-3-thread-1] INFO  com.rs.mv.mvvs.rmv.config.Config - [framework:30010102]project config path is : C:/Users/garim/OneDrive/Desktop/vibhu_class_coding/vibhu/.rmv/config
2025-07-15 19:47:59.325 [pool-3-thread-1] INFO  com.rs.mv.mvvs.rmv.config.Config - [framework:30010103]resource config path is : /
2025-07-15 19:47:59.325 [pool-3-thread-1] INFO  com.rs.mv.mvvs.rmv.config.Config - [framework:30010104]user config path is : C:/Users/garim
2025-07-15 19:47:59.351 [pool-3-thread-1] INFO  com.rs.mv.mvvs.rmv.config.Config - [framework:30010105]config load end
2025-07-15 19:47:59.354 [pool-3-thread-1] INFO  com.rs.mv.mvvs.rmv.documentation.BasicDocumentation - [framework:30020101]documentation load start
2025-07-15 19:47:59.356 [pool-3-thread-1] INFO  com.rs.mv.mvvs.rmv.documentation.reader.SystemDocReader - [framework:30020102]system documentation path: /documentation/UNIVERSE/
2025-07-15 19:47:59.362 [pool-3-thread-1] INFO  com.rs.mv.mvvs.rmv.documentation.reader.ProjectDocReader - [framework:30020103]project documentation brief file: C:\Users\garim\OneDrive\Desktop\vibhu_class_coding\vibhu\.rmv\documentation\UNIVERSE\custom.json
2025-07-15 19:47:59.366 [pool-3-thread-1] INFO  com.rs.mv.mvvs.rmv.documentation.reader.UserDocReader - [framework:30020104]user documentation brief file: C:\Users\garim\documentation\UNIVERSE\custom.json
2025-07-15 19:47:59.511 [pool-3-thread-1] INFO  com.rs.mv.mvvs.rmv.documentation.BasicDocumentation - [framework:30020105]documentation load end
2025-07-15 19:47:59.522 [pool-3-thread-1] INFO  com.rs.mv.mvvs.common.convertor.ConvertorManager - [framework:30030101]convertors for folder(C:/Users/garim/OneDrive/Desktop/vibhu_class_coding/vibhu) load start
2025-07-15 19:47:59.543 [pool-3-thread-1] INFO  com.rs.mv.mvvs.common.convertor.ConvertorManager - [framework:30030102]comment convertor load finish
2025-07-15 19:47:59.878 [pool-3-thread-1] INFO  com.rs.mv.mvvs.common.convertor.ConvertorManager - [framework:30030103]keyword convertor load finish
2025-07-15 19:47:59.882 [pool-3-thread-1] INFO  com.rs.mv.mvvs.common.convertor.ConvertorManager - [framework:30030104]operator convertor load finish
2025-07-15 19:47:59.883 [pool-3-thread-1] INFO  com.rs.mv.mvvs.common.convertor.ConvertorManager - [framework:30030105]function name convertor load finish
2025-07-15 19:47:59.883 [pool-3-thread-1] INFO  com.rs.mv.mvvs.common.convertor.ConvertorManager - [framework:30030106]atVariable convertor load finish
2025-07-15 19:47:59.883 [pool-3-thread-1] INFO  com.rs.mv.mvvs.common.convertor.ConvertorManager - [framework:30030107]convertors for folder(C:/Users/garim/OneDrive/Desktop/vibhu_class_coding/vibhu) load end
2025-07-15 19:47:59.887 [pool-3-thread-1] INFO  com.rs.mv.mvvs.rmv.config.CapabilityConfig - [framework:30010301]capabilities file(C:/Users/garim/OneDrive/Desktop/vibhu_class_coding/vibhu/config/capability) doesn't exist or read error, default config will take effect
2025-07-15 19:47:59.887 [pool-3-thread-1] INFO  com.rs.mv.mvvs.instance.workspace.WorkspaceManager - [workspace:200105]load all workspace folders successful
2025-07-15 19:47:59.892 [pool-3-thread-1] INFO  com.rs.mv.mvvs.client.account.AccountManager - [client:40010101]load account manager start
2025-07-15 19:47:59.930 [pool-3-thread-1] INFO  com.rs.mv.mvvs.client.account.handler.CacheAccountHandler - [client:40010102]load cache account: 
2025-07-15 19:47:59.938 [pool-3-thread-1] INFO  com.rs.mv.mvvs.client.account.handler.ExternalAccountHandler - [client:40010103]load external account: 
2025-07-15 19:48:00.210 [pool-3-thread-1] INFO  com.rs.mv.mvvs.client.catalog.manager.U2CatalogManager - [client:400203]cache file auto update thread launch in vibhu account
2025-07-15 19:48:00.225 [pool-3-thread-1] INFO  com.rs.mv.mvvs.client.catalog.from.config.DirsConfigReader - [client:400206]parse dir config information
2025-07-15 19:48:00.235 [pool-3-thread-1] INFO  com.rs.mv.mvvs.client.catalog.from.config.MappingConfigReader - [client:400207]parse mapping config information
2025-07-15 19:48:00.240 [pool-3-thread-1] INFO  com.rs.mv.mvvs.client.catalog.manager.U2CatalogManager - [client:400202]start a schedule task to get global/local catalog for vibhu, its period 5s 
2025-07-15 19:48:00.242 [pool-3-thread-1] INFO  com.rs.mv.mvvs.client.catalog.manager.U2CatalogManager - [client:400203]cache file auto update thread launch in .git account
2025-07-15 19:48:00.243 [pool-3-thread-1] INFO  com.rs.mv.mvvs.client.catalog.from.config.DirsConfigReader - [client:400206]parse dir config information
2025-07-15 19:48:00.243 [pool-3-thread-1] INFO  com.rs.mv.mvvs.client.catalog.from.config.MappingConfigReader - [client:400207]parse mapping config information
2025-07-15 19:48:00.245 [pool-3-thread-1] INFO  com.rs.mv.mvvs.client.catalog.manager.U2CatalogManager - [client:400202]start a schedule task to get global/local catalog for .git, its period 5s 
2025-07-15 19:48:00.246 [pool-3-thread-1] INFO  com.rs.mv.mvvs.client.catalog.manager.U2CatalogManager - [client:400203]cache file auto update thread launch in logs account
2025-07-15 19:48:00.247 [pool-3-thread-1] INFO  com.rs.mv.mvvs.client.catalog.from.config.DirsConfigReader - [client:400206]parse dir config information
2025-07-15 19:48:00.247 [pool-3-thread-1] INFO  com.rs.mv.mvvs.client.catalog.from.config.MappingConfigReader - [client:400207]parse mapping config information
2025-07-15 19:48:00.248 [pool-3-thread-1] INFO  com.rs.mv.mvvs.client.catalog.manager.U2CatalogManager - [client:400202]start a schedule task to get global/local catalog for logs, its period 5s 
2025-07-15 19:48:00.250 [pool-3-thread-1] INFO  com.rs.mv.mvvs.client.catalog.manager.U2CatalogManager - [client:400203]cache file auto update thread launch in refs account
2025-07-15 19:48:00.250 [pool-3-thread-1] INFO  com.rs.mv.mvvs.client.catalog.from.config.DirsConfigReader - [client:400206]parse dir config information
2025-07-15 19:48:00.252 [pool-3-thread-1] INFO  com.rs.mv.mvvs.client.catalog.from.config.MappingConfigReader - [client:400207]parse mapping config information
2025-07-15 19:48:00.253 [pool-3-thread-1] INFO  com.rs.mv.mvvs.client.catalog.manager.U2CatalogManager - [client:400202]start a schedule task to get global/local catalog for refs, its period 5s 
2025-07-15 19:48:00.254 [pool-3-thread-1] INFO  com.rs.mv.mvvs.client.catalog.manager.U2CatalogManager - [client:400203]cache file auto update thread launch in remotes account
2025-07-15 19:48:00.255 [pool-3-thread-1] INFO  com.rs.mv.mvvs.client.catalog.from.config.DirsConfigReader - [client:400206]parse dir config information
2025-07-15 19:48:00.256 [pool-3-thread-1] INFO  com.rs.mv.mvvs.client.catalog.from.config.MappingConfigReader - [client:400207]parse mapping config information
2025-07-15 19:48:00.257 [pool-3-thread-1] INFO  com.rs.mv.mvvs.client.catalog.manager.U2CatalogManager - [client:400202]start a schedule task to get global/local catalog for remotes, its period 5s 
2025-07-15 19:48:00.258 [pool-3-thread-1] INFO  com.rs.mv.mvvs.client.catalog.manager.U2CatalogManager - [client:400203]cache file auto update thread launch in objects account
2025-07-15 19:48:00.259 [pool-3-thread-1] INFO  com.rs.mv.mvvs.client.catalog.from.config.DirsConfigReader - [client:400206]parse dir config information
2025-07-15 19:48:00.260 [pool-3-thread-1] INFO  com.rs.mv.mvvs.client.catalog.from.config.MappingConfigReader - [client:400207]parse mapping config information
2025-07-15 19:48:00.262 [pool-3-thread-1] INFO  com.rs.mv.mvvs.client.catalog.manager.U2CatalogManager - [client:400202]start a schedule task to get global/local catalog for objects, its period 5s 
2025-07-15 19:48:00.263 [pool-3-thread-1] INFO  com.rs.mv.mvvs.client.catalog.manager.U2CatalogManager - [client:400203]cache file auto update thread launch in refs account
2025-07-15 19:48:00.264 [pool-3-thread-1] INFO  com.rs.mv.mvvs.client.catalog.from.config.DirsConfigReader - [client:400206]parse dir config information
2025-07-15 19:48:00.265 [pool-3-thread-1] INFO  com.rs.mv.mvvs.client.catalog.from.config.MappingConfigReader - [client:400207]parse mapping config information
2025-07-15 19:48:00.266 [pool-3-thread-1] INFO  com.rs.mv.mvvs.client.catalog.manager.U2CatalogManager - [client:400202]start a schedule task to get global/local catalog for refs, its period 5s 
2025-07-15 19:48:00.267 [pool-3-thread-1] INFO  com.rs.mv.mvvs.client.catalog.manager.U2CatalogManager - [client:400203]cache file auto update thread launch in remotes account
2025-07-15 19:48:00.268 [pool-3-thread-1] INFO  com.rs.mv.mvvs.client.catalog.from.config.DirsConfigReader - [client:400206]parse dir config information
2025-07-15 19:48:00.269 [pool-3-thread-1] INFO  com.rs.mv.mvvs.client.catalog.from.config.MappingConfigReader - [client:400207]parse mapping config information
2025-07-15 19:48:00.270 [pool-3-thread-1] INFO  com.rs.mv.mvvs.client.catalog.manager.U2CatalogManager - [client:400202]start a schedule task to get global/local catalog for remotes, its period 5s 
2025-07-15 19:48:00.271 [pool-3-thread-1] INFO  com.rs.mv.mvvs.client.catalog.manager.U2CatalogManager - [client:400203]cache file auto update thread launch in school account
2025-07-15 19:48:00.272 [pool-3-thread-1] INFO  com.rs.mv.mvvs.client.catalog.from.config.DirsConfigReader - [client:400206]parse dir config information
2025-07-15 19:48:00.273 [pool-3-thread-1] INFO  com.rs.mv.mvvs.client.catalog.from.config.MappingConfigReader - [client:400207]parse mapping config information
2025-07-15 19:48:00.274 [pool-3-thread-1] INFO  com.rs.mv.mvvs.client.catalog.manager.U2CatalogManager - [client:400202]start a schedule task to get global/local catalog for school, its period 5s 
2025-07-15 19:48:00.274 [pool-3-thread-1] INFO  com.rs.mv.mvvs.client.catalog.manager.U2CatalogManager - [client:400203]cache file auto update thread launch in school-work account
2025-07-15 19:48:00.275 [pool-3-thread-1] INFO  com.rs.mv.mvvs.client.catalog.from.config.DirsConfigReader - [client:400206]parse dir config information
2025-07-15 19:48:00.276 [pool-3-thread-1] INFO  com.rs.mv.mvvs.client.catalog.from.config.MappingConfigReader - [client:400207]parse mapping config information
2025-07-15 19:48:00.277 [pool-3-thread-1] INFO  com.rs.mv.mvvs.client.catalog.manager.U2CatalogManager - [client:400202]start a schedule task to get global/local catalog for school-work, its period 5s 
2025-07-15 19:48:00.278 [pool-3-thread-1] INFO  com.rs.mv.mvvs.client.catalog.manager.U2CatalogManager - [client:400203]cache file auto update thread launch in .vs account
2025-07-15 19:48:00.279 [pool-3-thread-1] INFO  com.rs.mv.mvvs.client.catalog.from.config.DirsConfigReader - [client:400206]parse dir config information
2025-07-15 19:48:00.279 [pool-3-thread-1] INFO  com.rs.mv.mvvs.client.catalog.from.config.MappingConfigReader - [client:400207]parse mapping config information
2025-07-15 19:48:00.280 [pool-3-thread-1] INFO  com.rs.mv.mvvs.client.catalog.manager.U2CatalogManager - [client:400202]start a schedule task to get global/local catalog for .vs, its period 5s 
2025-07-15 19:48:00.282 [pool-3-thread-1] INFO  com.rs.mv.mvvs.client.catalog.manager.U2CatalogManager - [client:400203]cache file auto update thread launch in school-work account
2025-07-15 19:48:00.282 [pool-3-thread-1] INFO  com.rs.mv.mvvs.client.catalog.from.config.DirsConfigReader - [client:400206]parse dir config information
2025-07-15 19:48:00.283 [pool-3-thread-1] INFO  com.rs.mv.mvvs.client.catalog.from.config.MappingConfigReader - [client:400207]parse mapping config information
2025-07-15 19:48:00.284 [pool-3-thread-1] INFO  com.rs.mv.mvvs.client.catalog.manager.U2CatalogManager - [client:400202]start a schedule task to get global/local catalog for school-work, its period 5s 
2025-07-15 19:48:00.285 [pool-3-thread-1] INFO  com.rs.mv.mvvs.client.catalog.manager.U2CatalogManager - [client:400203]cache file auto update thread launch in school-work account
2025-07-15 19:48:00.286 [pool-3-thread-1] INFO  com.rs.mv.mvvs.client.catalog.from.config.DirsConfigReader - [client:400206]parse dir config information
2025-07-15 19:48:00.287 [pool-3-thread-1] INFO  com.rs.mv.mvvs.client.catalog.from.config.MappingConfigReader - [client:400207]parse mapping config information
2025-07-15 19:48:00.288 [pool-3-thread-1] INFO  com.rs.mv.mvvs.client.catalog.manager.U2CatalogManager - [client:400202]start a schedule task to get global/local catalog for school-work, its period 5s 
2025-07-15 19:48:00.289 [pool-3-thread-1] INFO  com.rs.mv.mvvs.client.catalog.manager.U2CatalogManager - [client:400203]cache file auto update thread launch in bin account
2025-07-15 19:48:00.290 [pool-3-thread-1] INFO  com.rs.mv.mvvs.client.catalog.from.config.DirsConfigReader - [client:400206]parse dir config information
2025-07-15 19:48:00.290 [pool-3-thread-1] INFO  com.rs.mv.mvvs.client.catalog.from.config.MappingConfigReader - [client:400207]parse mapping config information
2025-07-15 19:48:00.291 [pool-3-thread-1] INFO  com.rs.mv.mvvs.client.catalog.manager.U2CatalogManager - [client:400202]start a schedule task to get global/local catalog for bin, its period 5s 
2025-07-15 19:48:00.292 [pool-3-thread-1] INFO  com.rs.mv.mvvs.client.catalog.manager.U2CatalogManager - [client:400203]cache file auto update thread launch in Debug account
2025-07-15 19:48:00.293 [pool-3-thread-1] INFO  com.rs.mv.mvvs.client.catalog.from.config.DirsConfigReader - [client:400206]parse dir config information
2025-07-15 19:48:00.293 [pool-3-thread-1] INFO  com.rs.mv.mvvs.client.catalog.from.config.MappingConfigReader - [client:400207]parse mapping config information
2025-07-15 19:48:00.294 [pool-3-thread-1] INFO  com.rs.mv.mvvs.client.catalog.manager.U2CatalogManager - [client:400202]start a schedule task to get global/local catalog for Debug, its period 5s 
2025-07-15 19:48:00.295 [pool-3-thread-1] INFO  com.rs.mv.mvvs.client.catalog.manager.U2CatalogManager - [client:400203]cache file auto update thread launch in code-samples account
2025-07-15 19:48:00.296 [pool-3-thread-1] INFO  com.rs.mv.mvvs.client.catalog.from.config.DirsConfigReader - [client:400206]parse dir config information
2025-07-15 19:48:00.297 [pool-3-thread-1] INFO  com.rs.mv.mvvs.client.catalog.from.config.MappingConfigReader - [client:400207]parse mapping config information
2025-07-15 19:48:00.298 [pool-3-thread-1] INFO  com.rs.mv.mvvs.client.catalog.manager.U2CatalogManager - [client:400202]start a schedule task to get global/local catalog for code-samples, its period 5s 
2025-07-15 19:48:00.299 [pool-3-thread-1] INFO  com.rs.mv.mvvs.client.catalog.manager.U2CatalogManager - [client:400203]cache file auto update thread launch in docs account
2025-07-15 19:48:00.299 [pool-3-thread-1] INFO  com.rs.mv.mvvs.client.catalog.from.config.DirsConfigReader - [client:400206]parse dir config information
2025-07-15 19:48:00.300 [pool-3-thread-1] INFO  com.rs.mv.mvvs.client.catalog.from.config.MappingConfigReader - [client:400207]parse mapping config information
2025-07-15 19:48:00.302 [pool-3-thread-1] INFO  com.rs.mv.mvvs.client.catalog.manager.U2CatalogManager - [client:400202]start a schedule task to get global/local catalog for docs, its period 5s 
2025-07-15 19:48:00.304 [pool-3-thread-1] INFO  com.rs.mv.mvvs.client.catalog.manager.U2CatalogManager - [client:400203]cache file auto update thread launch in notes account
2025-07-15 19:48:00.304 [pool-3-thread-1] INFO  com.rs.mv.mvvs.client.catalog.from.config.DirsConfigReader - [client:400206]parse dir config information
2025-07-15 19:48:00.305 [pool-3-thread-1] INFO  com.rs.mv.mvvs.client.catalog.from.config.MappingConfigReader - [client:400207]parse mapping config information
2025-07-15 19:48:00.307 [pool-3-thread-1] INFO  com.rs.mv.mvvs.client.catalog.manager.U2CatalogManager - [client:400202]start a schedule task to get global/local catalog for notes, its period 5s 
2025-07-15 19:48:00.307 [pool-3-thread-1] INFO  com.rs.mv.mvvs.client.catalog.manager.U2CatalogManager - [client:400203]cache file auto update thread launch in obj account
2025-07-15 19:48:00.308 [pool-3-thread-1] INFO  com.rs.mv.mvvs.client.catalog.from.config.DirsConfigReader - [client:400206]parse dir config information
2025-07-15 19:48:00.308 [pool-3-thread-1] INFO  com.rs.mv.mvvs.client.catalog.from.config.MappingConfigReader - [client:400207]parse mapping config information
2025-07-15 19:48:00.308 [pool-3-thread-1] INFO  com.rs.mv.mvvs.client.catalog.manager.U2CatalogManager - [client:400202]start a schedule task to get global/local catalog for obj, its period 5s 
2025-07-15 19:48:00.309 [pool-3-thread-1] INFO  com.rs.mv.mvvs.client.catalog.manager.U2CatalogManager - [client:400203]cache file auto update thread launch in Debug account
2025-07-15 19:48:00.309 [pool-3-thread-1] INFO  com.rs.mv.mvvs.client.catalog.from.config.DirsConfigReader - [client:400206]parse dir config information
2025-07-15 19:48:00.310 [pool-3-thread-1] INFO  com.rs.mv.mvvs.client.catalog.from.config.MappingConfigReader - [client:400207]parse mapping config information
2025-07-15 19:48:00.310 [pool-3-thread-1] INFO  com.rs.mv.mvvs.client.catalog.manager.U2CatalogManager - [client:400202]start a schedule task to get global/local catalog for Debug, its period 5s 
2025-07-15 19:48:00.311 [pool-3-thread-1] INFO  com.rs.mv.mvvs.client.catalog.manager.U2CatalogManager - [client:400203]cache file auto update thread launch in net8.0 account
2025-07-15 19:48:00.312 [pool-3-thread-1] INFO  com.rs.mv.mvvs.client.catalog.from.config.DirsConfigReader - [client:400206]parse dir config information
2025-07-15 19:48:00.312 [pool-3-thread-1] INFO  com.rs.mv.mvvs.client.catalog.from.config.MappingConfigReader - [client:400207]parse mapping config information
2025-07-15 19:48:00.313 [pool-3-thread-1] INFO  com.rs.mv.mvvs.client.catalog.manager.U2CatalogManager - [client:400202]start a schedule task to get global/local catalog for net8.0, its period 5s 
2025-07-15 19:48:00.319 [pool-3-thread-1] INFO  com.rs.mv.mvvs.rmv.documentation.BasicDocumentation - [framework:30020101]documentation load start
2025-07-15 19:48:00.320 [pool-3-thread-1] INFO  com.rs.mv.mvvs.rmv.documentation.reader.SystemDocReader - [framework:30020102]system documentation path: /documentation/UNIVERSE/
2025-07-15 19:48:00.320 [pool-3-thread-1] INFO  com.rs.mv.mvvs.rmv.documentation.reader.ProjectDocReader - [framework:30020103]project documentation brief file: custom.json
2025-07-15 19:48:00.321 [pool-3-thread-1] INFO  com.rs.mv.mvvs.rmv.documentation.reader.UserDocReader - [framework:30020104]user documentation brief file: C:\Users\garim\documentation\UNIVERSE\custom.json
2025-07-15 19:48:00.334 [pool-3-thread-1] INFO  com.rs.mv.mvvs.rmv.documentation.BasicDocumentation - [framework:30020105]documentation load end
2025-07-15 19:48:00.336 [pool-3-thread-1] INFO  com.rs.mv.mvvs.common.convertor.ConvertorManager - [framework:30030101]convertors for folder(*) load start
2025-07-15 19:48:00.338 [pool-3-thread-1] INFO  com.rs.mv.mvvs.common.convertor.ConvertorManager - [framework:30030102]comment convertor load finish
2025-07-15 19:48:00.343 [pool-3-thread-1] INFO  com.rs.mv.mvvs.common.convertor.ConvertorManager - [framework:30030103]keyword convertor load finish
2025-07-15 19:48:00.345 [pool-3-thread-1] INFO  com.rs.mv.mvvs.common.convertor.ConvertorManager - [framework:30030104]operator convertor load finish
2025-07-15 19:48:00.345 [pool-3-thread-1] INFO  com.rs.mv.mvvs.common.convertor.ConvertorManager - [framework:30030105]function name convertor load finish
2025-07-15 19:48:00.346 [pool-3-thread-1] INFO  com.rs.mv.mvvs.common.convertor.ConvertorManager - [framework:30030106]atVariable convertor load finish
2025-07-15 19:48:00.347 [pool-3-thread-1] INFO  com.rs.mv.mvvs.common.convertor.ConvertorManager - [framework:30030107]convertors for folder(*) load end
2025-07-15 19:48:00.348 [pool-3-thread-1] INFO  com.rs.mv.mvvs.client.catalog.manager.U2CatalogManager - [client:400203]cache file auto update thread launch in ... account
2025-07-15 19:48:00.349 [pool-3-thread-1] INFO  com.rs.mv.mvvs.client.catalog.from.config.DirsConfigReader - [client:400206]parse dir config information
2025-07-15 19:48:00.350 [pool-3-thread-1] INFO  com.rs.mv.mvvs.client.catalog.from.config.MappingConfigReader - [client:400207]parse mapping config information
2025-07-15 19:48:00.351 [pool-3-thread-1] INFO  com.rs.mv.mvvs.client.catalog.manager.U2CatalogManager - [client:400202]start a schedule task to get global/local catalog for ..., its period 5s 
2025-07-15 19:48:00.353 [pool-3-thread-1] INFO  com.rs.mv.mvvs.client.account.handler.ServerAccountHandler - [client:40010104]load server account: Account{name=.vs, path=C:/Users/garim/OneDrive/Desktop/vibhu_class_coding/vibhu/school/school-work/.vs, type=PREDICT}
Account{name=refs, path=C:/Users/garim/OneDrive/Desktop/vibhu_class_coding/vibhu/.git/refs, type=PREDICT}
Account{name=Debug, path=C:/Users/garim/OneDrive/Desktop/vibhu_class_coding/vibhu/school/school-work/school-work/obj/Debug, type=PREDICT}
Account{name=refs, path=C:/Users/garim/OneDrive/Desktop/vibhu_class_coding/vibhu/.git/logs/refs, type=PREDICT}
Account{name=school-work, path=C:/Users/garim/OneDrive/Desktop/vibhu_class_coding/vibhu/school/school-work/school-work, type=PREDICT}
Account{name=obj, path=C:/Users/garim/OneDrive/Desktop/vibhu_class_coding/vibhu/school/school-work/school-work/obj, type=PREDICT}
Account{name=net8.0, path=C:/Users/garim/OneDrive/Desktop/vibhu_class_coding/vibhu/school/school-work/school-work/obj/Debug/net8.0, type=PREDICT}
Account{name=docs, path=C:/Users/garim/OneDrive/Desktop/vibhu_class_coding/vibhu/school/school-work/school-work/docs, type=PREDICT}
Account{name=school, path=C:/Users/garim/OneDrive/Desktop/vibhu_class_coding/vibhu/school, type=PREDICT}
Account{name=Debug, path=C:/Users/garim/OneDrive/Desktop/vibhu_class_coding/vibhu/school/school-work/school-work/bin/Debug, type=PREDICT}
Account{name=notes, path=C:/Users/garim/OneDrive/Desktop/vibhu_class_coding/vibhu/school/school-work/school-work/docs/notes, type=PREDICT}
Account{name=logs, path=C:/Users/garim/OneDrive/Desktop/vibhu_class_coding/vibhu/.git/logs, type=PREDICT}
Account{name=school-work, path=C:/Users/garim/OneDrive/Desktop/vibhu_class_coding/vibhu/school/school-work/.vs/school-work, type=PREDICT}
Account{name=vibhu, path=C:/Users/garim/OneDrive/Desktop/vibhu_class_coding/vibhu, type=PREDICT}
Account{name=school-work, path=C:/Users/garim/OneDrive/Desktop/vibhu_class_coding/vibhu/school/school-work, type=PREDICT}
Account{name=bin, path=C:/Users/garim/OneDrive/Desktop/vibhu_class_coding/vibhu/school/school-work/school-work/bin, type=PREDICT}
Account{name=remotes, path=C:/Users/garim/OneDrive/Desktop/vibhu_class_coding/vibhu/.git/refs/remotes, type=PREDICT}
Account{name=.git, path=C:/Users/garim/OneDrive/Desktop/vibhu_class_coding/vibhu/.git, type=PREDICT}
Account{name=code-samples, path=C:/Users/garim/OneDrive/Desktop/vibhu_class_coding/vibhu/school/school-work/school-work/code-samples, type=PREDICT}
Account{name=objects, path=C:/Users/garim/OneDrive/Desktop/vibhu_class_coding/vibhu/.git/objects, type=PREDICT}
Account{name=..., path=..., type=PREDICT}
2025-07-15 19:48:00.354 [pool-3-thread-1] INFO  com.rs.mv.mvvs.client.account.AccountManager - [client:40010105]load account manager finish
2025-07-15 19:48:00.358 [pool-3-thread-1] INFO  com.rs.mv.mvvs.instance.userspace.UserspaceManager - [framework:30010402]config file(C:\Users\garim/.rmv/config) watcher launch successful
2025-07-15 19:48:06.862 [pool-3-thread-1] INFO  com.rs.mv.mvvs.client.catalog.from.scan.CurrentPathScanner - [client:400205]scan file in current open file directory(C:/Users/garim/OneDrive/Desktop/vibhu_class_coding/vibhu/school/school-work/school-work)
2025-07-15 20:16:02.982 [pool-3-thread-1] INFO  com.rs.mv.mvvs.client.catalog.from.scan.CurrentPathScanner - [client:400205]scan file in current open file directory(C:/Users/garim/OneDrive/Desktop/vibhu_class_coding/vibhu/school/school-work/school-work)
2025-07-15 20:16:31.058 [pool-3-thread-1] INFO  com.rs.mv.mvvs.client.catalog.from.scan.CurrentPathScanner - [client:400205]scan file in current open file directory(C:/Users/garim/OneDrive/Desktop/vibhu_class_coding/vibhu/school/school-work/school-work)
2025-07-15 20:17:08.584 [pool-3-thread-1] INFO  com.rs.mv.mvvs.rmv.documentation.BasicDocumentation - [framework:30020201]project documentation update start
2025-07-15 20:17:08.585 [pool-3-thread-1] INFO  com.rs.mv.mvvs.rmv.documentation.BasicDocumentation - [framework:30020202]project documentation update end
2025-07-15 20:17:13.591 [pool-3-thread-1] INFO  com.rs.mv.mvvs.client.catalog.from.config.DirsConfigReader - [client:400206]parse dir config information
2025-07-15 20:17:13.592 [pool-3-thread-1] INFO  com.rs.mv.mvvs.client.catalog.from.config.MappingConfigReader - [client:400207]parse mapping config information
2025-07-15 20:17:13.593 [pool-3-thread-1] INFO  com.rs.mv.mvvs.common.convertor.ConvertorManager - [framework:30030201]convertors for folder(C:/Users/garim/OneDrive/Desktop/vibhu_class_coding/vibhu) reload start
2025-07-15 20:17:13.596 [pool-3-thread-1] INFO  com.rs.mv.mvvs.common.convertor.ConvertorManager - [framework:30030202]convertors for folder(C:/Users/garim/OneDrive/Desktop/vibhu_class_coding/vibhu) load end
2025-07-15 20:17:18.579 [pool-3-thread-1] WARN  com.rs.mv.mvvs.rmv.config.ConfigManager - [COMMON:500102]file(C:/Users/garim/OneDrive/Desktop/vibhu_class_coding/vibhu/.rmv/config/format.mvbasic.json}) is not exist
2025-07-15 20:17:18.582 [pool-3-thread-1] INFO  com.rs.mv.mvvs.client.catalog.from.config.DirsConfigReader - [client:400206]parse dir config information
2025-07-15 20:17:18.583 [pool-3-thread-1] INFO  com.rs.mv.mvvs.client.catalog.from.config.MappingConfigReader - [client:400207]parse mapping config information
2025-07-15 20:17:18.585 [pool-3-thread-1] INFO  com.rs.mv.mvvs.common.convertor.ConvertorManager - [framework:30030201]convertors for folder(C:/Users/garim/OneDrive/Desktop/vibhu_class_coding/vibhu) reload start
2025-07-15 20:17:18.587 [pool-3-thread-1] INFO  com.rs.mv.mvvs.common.convertor.ConvertorManager - [framework:30030202]convertors for folder(C:/Users/garim/OneDrive/Desktop/vibhu_class_coding/vibhu) load end
2025-07-15 20:17:24.179 [pool-3-thread-1] WARN  com.rs.mv.mvvs.rmv.config.ConfigManager - [COMMON:500102]file(C:/Users/garim/OneDrive/Desktop/vibhu_class_coding/vibhu/.rmv/config/db.mvbasic.json}) is not exist
2025-07-15 20:17:24.181 [pool-3-thread-1] INFO  com.rs.mv.mvvs.client.catalog.from.config.DirsConfigReader - [client:400206]parse dir config information
2025-07-15 20:17:24.183 [pool-3-thread-1] INFO  com.rs.mv.mvvs.client.catalog.from.config.MappingConfigReader - [client:400207]parse mapping config information
2025-07-15 20:17:24.184 [pool-3-thread-1] INFO  com.rs.mv.mvvs.common.convertor.ConvertorManager - [framework:30030201]convertors for folder(C:/Users/garim/OneDrive/Desktop/vibhu_class_coding/vibhu) reload start
2025-07-15 20:17:24.187 [pool-3-thread-1] INFO  com.rs.mv.mvvs.common.convertor.ConvertorManager - [framework:30030202]convertors for folder(C:/Users/garim/OneDrive/Desktop/vibhu_class_coding/vibhu) load end
